<?xml version="1.0" encoding="UTF-8"?>
<!-- Generated by org.testng.reporters.JUnitReportReporter -->
<testsuite skipped="1" hostname="W2464520NGMD1" name="restassuredpractise.JiraPractise1" tests="2" failures="0" timestamp="2020-09-07T01:43:27 IST" time="6.048" errors="0">
  <testcase name="restrictResult" time="6.048" classname="restassuredpractise.JiraPractise1"/>
  <system-out/>
  <testcase name="jiraCreateIssue" classname="restassuredpractise.JiraPractise1">
    <skipped/>
  </testcase> <!-- jiraCreateIssue -->
  <system-out/>
</testsuite> <!-- restassuredpractise.JiraPractise1 -->
