<?xml version="1.0" encoding="UTF-8"?>
<!-- Generated by org.testng.reporters.JUnitReportReporter -->
<testsuite skipped="0" hostname="W2464520NGMD1" name="serialization.GoogleMapApi" tests="1" failures="0" timestamp="2020-09-16T14:01:12 IST" time="6.472" errors="0">
  <testcase name="addPlace" time="6.472" classname="serialization.GoogleMapApi"/>
  <system-out/>
</testsuite> <!-- serialization.GoogleMapApi -->
