<?xml version="1.0" encoding="UTF-8"?>
<!-- Generated by org.testng.reporters.JUnitReportReporter -->
<testsuite skipped="0" hostname="W2464520NGMD1" name="restassuredpractise.ComplexJsonParsing" tests="1" failures="0" timestamp="2020-09-01T12:54:07 IST" time="2.319" errors="0">
  <testcase name="jsonParsing" time="2.319" classname="restassuredpractise.ComplexJsonParsing"/>
  <system-out/>
</testsuite> <!-- restassuredpractise.ComplexJsonParsing -->
