<?xml version="1.0" encoding="UTF-8"?>
<!-- Generated by org.testng.reporters.JUnitReportReporter -->
<testsuite skipped="0" hostname="W2464520NGMD1" name="restassuredpractise.LibAPI" tests="1" failures="0" timestamp="2020-09-06T15:09:38 IST" time="3.660" errors="0">
  <testcase name="addBook" time="3.660" classname="restassuredpractise.LibAPI"/>
  <system-out/>
</testsuite> <!-- restassuredpractise.LibAPI -->
